0 info it worked if it ends with ok
1 verbose cli [ '/usr/bin/nodejs', '/usr/bin/npm', 'start' ]
2 info using npm@3.5.2
3 info using node@v4.2.6
4 verbose run-script [ 'prestart', 'start', 'poststart' ]
5 info lifecycle Locatae@~prestart: Locatae@
6 silly lifecycle Locatae@~prestart: no script for prestart, continuing
7 info lifecycle Locatae@~start: Locatae@
8 verbose lifecycle Locatae@~start: unsafe-perm in lifecycle true
9 verbose lifecycle Locatae@~start: PATH: /usr/share/npm/bin/node-gyp-bin:/home/raj/Documents/iMenuServer/node_modules/.bin:/home/raj/bin:/home/raj/.local/bin:/home/raj/.rvm/gems/ruby-2.4.1/bin:/home/raj/.rvm/gems/ruby-2.4.1@global/bin:/home/raj/.rvm/rubies/ruby-2.4.1/bin:/home/raj/bin:/home/raj/.local/bin:/usr/local/sbin:/usr/local/bin:/usr/sbin:/usr/bin:/sbin:/bin:/usr/games:/usr/local/games:/snap/bin:/home/raj/.rvm/bin:/snap/bin:/home/raj/.rvm/bin:/home/raj/.rvm/bin:/home/raj/.rvm/bin
10 verbose lifecycle Locatae@~start: CWD: /home/raj/Documents/iMenuServer
11 silly lifecycle Locatae@~start: Args: [ '-c', 'nodejs index.js' ]
12 silly lifecycle Locatae@~start: Returned: code: 1  signal: null
13 info lifecycle Locatae@~start: Failed to exec start script
14 verbose stack Error: Locatae@ start: `nodejs index.js`
14 verbose stack Exit status 1
14 verbose stack     at EventEmitter.<anonymous> (/usr/share/npm/lib/utils/lifecycle.js:232:16)
14 verbose stack     at emitTwo (events.js:87:13)
14 verbose stack     at EventEmitter.emit (events.js:172:7)
14 verbose stack     at ChildProcess.<anonymous> (/usr/share/npm/lib/utils/spawn.js:24:14)
14 verbose stack     at emitTwo (events.js:87:13)
14 verbose stack     at ChildProcess.emit (events.js:172:7)
14 verbose stack     at maybeClose (internal/child_process.js:821:16)
14 verbose stack     at Process.ChildProcess._handle.onexit (internal/child_process.js:211:5)
15 verbose pkgid Locatae@
16 verbose cwd /home/raj/Documents/iMenuServer
17 error Linux 4.10.0-35-generic
18 error argv "/usr/bin/nodejs" "/usr/bin/npm" "start"
19 error node v4.2.6
20 error npm  v3.5.2
21 error code ELIFECYCLE
22 error Locatae@ start: `nodejs index.js`
22 error Exit status 1
23 error Failed at the Locatae@ start script 'nodejs index.js'.
23 error Make sure you have the latest version of node.js and npm installed.
23 error If you do, this is most likely a problem with the Locatae package,
23 error not with npm itself.
23 error Tell the author that this fails on your system:
23 error     nodejs index.js
23 error You can get information on how to open an issue for this project with:
23 error     npm bugs Locatae
23 error Or if that isn't available, you can get their info via:
23 error     npm owner ls Locatae
23 error There is likely additional logging output above.
24 verbose exit [ 1, true ]
